*** Using Compiler 'V5.06 update 5 (build 528)', folder: 'D:\keil5\ARM\ARMCC\Bin'
Build target 'Fire_RT-Thread'
assembling startup_stm32f40xx.s...
compiling stm32f4xx_cryp_des.c...
compiling stm32f4xx_adc.c...
compiling stm32f4xx_can.c...
compiling system_stm32f4xx.c...
compiling misc.c...
compiling stm32f4xx_cec.c...
compiling stm32f4xx_iwdg.c...
compiling stm32f4xx_cryp_tdes.c...
compiling stm32f4xx_crc.c...
compiling stm32f4xx_rtc.c...
compiling stm32f4xx_rcc.c...
compiling stm32f4xx_pwr.c...
compiling stm32f4xx_hash_sha1.c...
compiling stm32f4xx_i2c.c...
compiling stm32f4xx_hash.c...
compiling stm32f4xx_flash_ramfunc.c...
compiling stm32f4xx_fmpi2c.c...
compiling stm32f4xx_cryp.c...
compiling stm32f4xx_rng.c...
compiling stm32f4xx_qspi.c...
compiling stm32f4xx_gpio.c...
compiling stm32f4xx_sdio.c...
compiling stm32f4xx_exti.c...
compiling stm32f4xx_hash_md5.c...
compiling stm32f4xx_dcmi.c...
compiling stm32f4xx_spi.c...
compiling stm32f4xx_sai.c...
compiling stm32f4xx_cryp_aes.c...
compiling stm32f4xx_dma.c...
compiling stm32f4xx_dbgmcu.c...
compiling stm32f4xx_spdifrx.c...
compiling stm32f4xx_syscfg.c...
compiling stm32f4xx_fsmc.c...
compiling stm32f4xx_dac.c...
compiling stm32f4xx_flash.c...
compiling main.c...
..\..\User\board.h(16): error:  #5: cannot open source input file "bsp_exti.h": No such file or directory
  #include "bsp_exti.h"
..\..\User\main.c: 0 warnings, 1 error
compiling stm32f4xx_tim.c...
compiling clock.c...
compiling components.c...
compiling device.c...
compiling stm32f4xx_usart.c...
compiling stm32f4xx_wwdg.c...
compiling board.c...
..\..\User\board.h(16): error:  #5: cannot open source input file "bsp_exti.h": No such file or directory
  #include "bsp_exti.h"
..\..\User\board.c: 0 warnings, 1 error
compiling bsp_led.c...
compiling idle.c...
compiling stm32f4xx_it.c...
compiling ipc.c...
compiling irq.c...
compiling kservice.c...
compiling mem.c...
compiling memheap.c...
compiling mempool.c...
compiling bsp_debug_usart.c...
compiling object.c...
compiling scheduler.c...
compiling signal.c...
assembling context_rvds.S...
compiling timer.c...
compiling thread.c...
compiling cpuport.c...
"..\..\Output\Fire_RT-Thread.axf" - 2 Error(s), 0 Warning(s).
Target not created.
Build Time Elapsed:  00:00:04
